cli-server-30-March-2022
Logs Begin Here:
Page Creation Error: "There was and error creating your page.\nSQLSTATE[23000]: Integrity constraint violation: 1048 Column 'userGUID' cannot be null"
TimeStamp: Wednesday 30th of March 2022 09:04:00 AM

Page Creation Error: "There was and error creating your page.\nSQLSTATE[22001]: String data, right truncated: 1406 Data too long for column 'pageContent' at row 1"
TimeStamp: Wednesday 30th of March 2022 12:20:55 PM

Page Creation Error: "There was and error creating your page.\nSQLSTATE[HY093]: Invalid parameter number: number of bound variables does not match number of tokens"
TimeStamp: Wednesday 30th of March 2022 01:21:54 PM

Page Creation Error: "There was and error creating your page.\nSQLSTATE[HY093]: Invalid parameter number: number of bound variables does not match number of tokens"
TimeStamp: Wednesday 30th of March 2022 01:24:01 PM

Page Creation Error: "There was and error creating your page.\nSQLSTATE[HY093]: Invalid parameter number: number of bound variables does not match number of tokens"
TimeStamp: Wednesday 30th of March 2022 01:24:44 PM

Error adding File: "Sorry, file already exists."
TimeStamp: Wednesday 30th of March 2022 02:42:51 PM

Public Header: "Error loading header content SQLSTATE[HY093]: Invalid parameter number: number of bound variables does not match number of tokens"
TimeStamp: Wednesday 30th of March 2022 08:33:09 PM

Public Header: "Error loading header content SQLSTATE[HY093]: Invalid parameter number: number of bound variables does not match number of tokens"
TimeStamp: Wednesday 30th of March 2022 08:33:11 PM

Login Admin Process:"\nInvalid credentials or email address"
TimeStamp: Wednesday 30th of March 2022 09:59:07 PM

Index Page Error:{"errorInfo":["42000",1064,"You have an error in your SQL syntax; check the manual that corresponds to your MySQL server version for the right syntax to use near ') AS activeUsers,\n              SUM(CASE WHEN userStatus = 'inactive' THEN 'inac' at line 2"]}
TimeStamp: Wednesday 30th of March 2022 11:12:21 PM

Index Page Error:{"errorInfo":["42000",1064,"You have an error in your SQL syntax; check the manual that corresponds to your MySQL server version for the right syntax to use near ') AS activeUsers,\n              SUM(CASE WHEN userStatus = 'inactive' THEN 'inac' at line 2"]}
TimeStamp: Wednesday 30th of March 2022 11:12:28 PM

Index Page Error:{"errorInfo":["42000",1064,"You have an error in your SQL syntax; check the manual that corresponds to your MySQL server version for the right syntax to use near ') AS activeUsers,\n              SUM(CASE WHEN userStatus = 'inactive' THEN 'inac' at line 2"]}
TimeStamp: Wednesday 30th of March 2022 11:12:31 PM

Index Page Error:{"errorInfo":["42000",1064,"You have an error in your SQL syntax; check the manual that corresponds to your MySQL server version for the right syntax to use near ') AS activeUsers,\n              SUM(CASE WHEN userStatus = 'inactive' THEN 'inac' at line 2"]}
TimeStamp: Wednesday 30th of March 2022 11:12:32 PM

Index Page Error:{"errorInfo":["42000",1064,"You have an error in your SQL syntax; check the manual that corresponds to your MySQL server version for the right syntax to use near ') AS activeUsers,\n              SUM(CASE WHEN userStatus = 'inactive' THEN 'inac' at line 2"]}
TimeStamp: Wednesday 30th of March 2022 11:12:33 PM

Index Page Error:{"errorInfo":["42000",1064,"You have an error in your SQL syntax; check the manual that corresponds to your MySQL server version for the right syntax to use near ') AS activeUsers,\n              SUM(CASE WHEN userStatus = 'inactive' THEN 'inac' at line 2"]}
TimeStamp: Wednesday 30th of March 2022 11:12:34 PM

Index Page Error:{"errorInfo":["42000",1064,"You have an error in your SQL syntax; check the manual that corresponds to your MySQL server version for the right syntax to use near ') AS activeUsers,\n              SUM(CASE WHEN userStatus = 'inactive' THEN 'inac' at line 2"]}
TimeStamp: Wednesday 30th of March 2022 11:12:41 PM

Index Page Error:{"errorInfo":["42000",1064,"You have an error in your SQL syntax; check the manual that corresponds to your MySQL server version for the right syntax to use near ') AS activeUsers,\n              SUM(CASE WHEN userStatus = 'inactive' THEN '1 EL' at line 2"]}
TimeStamp: Wednesday 30th of March 2022 11:13:33 PM

Index Page Error:{"errorInfo":["42000",1064,"You have an error in your SQL syntax; check the manual that corresponds to your MySQL server version for the right syntax to use near ') AS activeUsers,\n              SUM(CASE WHEN userStatus = 'inactive' THEN '1 EL' at line 2"]}
TimeStamp: Wednesday 30th of March 2022 11:14:09 PM

